\BOOKMARK [0][-]{chapter.1}{Introduzione}{}% 1
\BOOKMARK [0][-]{chapter.1}{Introduzione}{}% 2
\BOOKMARK [0][-]{chapter.2}{Scopi e Problemi Affrontati}{}% 3
\BOOKMARK [1][-]{section.2.1}{Applicazioni del MagicMirror}{chapter.2}% 4
\BOOKMARK [1][-]{section.2.2}{Interfaccia di controllo del MagicMirror}{chapter.2}% 5
\BOOKMARK [0][-]{chapter.3}{Tecnologie Implicate}{}% 6
\BOOKMARK [1][-]{section.3.1}{Prefazione}{chapter.3}% 7
\BOOKMARK [1][-]{section.3.2}{Hardware}{chapter.3}% 8
\BOOKMARK [2][-]{subsection.3.2.1}{RasperryPi}{section.3.2}% 9
\BOOKMARK [2][-]{subsection.3.2.2}{Periferiche}{section.3.2}% 10
\BOOKMARK [1][-]{section.3.3}{Software}{chapter.3}% 11
\BOOKMARK [2][-]{subsection.3.3.1}{Raspbian}{section.3.3}% 12
\BOOKMARK [2][-]{subsection.3.3.2}{Electron}{section.3.3}% 13
\BOOKMARK [2][-]{subsection.3.3.3}{OpenCV}{section.3.3}% 14
\BOOKMARK [2][-]{subsection.3.3.4}{Google Speech API}{section.3.3}% 15
\BOOKMARK [2][-]{subsection.3.3.5}{Node.JS}{section.3.3}% 16
\BOOKMARK [2][-]{subsection.3.3.6}{Express}{section.3.3}% 17
\BOOKMARK [2][-]{subsection.3.3.7}{Mustache}{section.3.3}% 18
\BOOKMARK [2][-]{subsection.3.3.8}{MySQL}{section.3.3}% 19
\BOOKMARK [2][-]{subsection.3.3.9}{JavaScript}{section.3.3}% 20
\BOOKMARK [2][-]{subsection.3.3.10}{Python}{section.3.3}% 21
\BOOKMARK [2][-]{subsection.3.3.11}{GitLab}{section.3.3}% 22
\BOOKMARK [0][-]{chapter.4}{Struttura del Magic Mirror}{}% 23
\BOOKMARK [1][-]{section.4.1}{Il MM dall'alto livello}{chapter.4}% 24
\BOOKMARK [1][-]{section.4.2}{Avvio ed Escuzione}{chapter.4}% 25
\BOOKMARK [2][-]{subsection.4.2.1}{Il file di Configurazione}{section.4.2}% 26
\BOOKMARK [1][-]{section.4.3}{Implementazione di un'applicazione}{chapter.4}% 27
\BOOKMARK [1][-]{section.4.4}{Messaggistica del MM}{chapter.4}% 28
\BOOKMARK [0][-]{chapter.5}{Applicazioni per il MM}{}% 29
\BOOKMARK [1][-]{section.5.1}{Modulo per comandi vocali}{chapter.5}% 30
\BOOKMARK [2][-]{subsection.5.1.1}{Sound eXchange \(SoX\)}{section.5.1}% 31
\BOOKMARK [2][-]{subsection.5.1.2}{Autenticazione Google API}{section.5.1}% 32
\BOOKMARK [2][-]{subsection.5.1.3}{Comunicazione con l'API}{section.5.1}% 33
\BOOKMARK [1][-]{section.5.2}{Modulo con Touch Board}{chapter.5}% 34
\BOOKMARK [0][-]{chapter.6}{Interfaccia web di amministrazione}{}% 35
\BOOKMARK [1][-]{section.6.1}{Individuazione e visualizzazione dei moduli nell'intefaccia}{chapter.6}% 36
